app/build/intermediates/manifest_merge_blame_file/debug/manifest-merger-blame-debug-report.txt
1<?xml version="1.0" encoding="utf-8"?>
2<manifest xmlns:android="http://schemas.android.com/apk/res/android"
3    package="com.example.android.musicalstructureapp"
4    android:versionCode="1"
5    android:versionName="1.0" >
6
7    <uses-sdk
8        android:minSdkVersion="17"
8-->src/main/AndroidManifest.xml
9        android:targetSdkVersion="29" />
9-->src/main/AndroidManifest.xml
10
11    <application
11-->src/main/AndroidManifest.xml:5:5-51:19
12        android:allowBackup="true"
12-->src/main/AndroidManifest.xml:6:9-35
13        android:appComponentFactory="androidx.core.app.CoreComponentFactory"
13-->[androidx.core:core:1.1.0] AndroidManifest.xml:24:18-86
14        android:debuggable="true"
15        android:icon="@mipmap/ic_launcher"
15-->src/main/AndroidManifest.xml:7:9-43
16        android:label="@string/app_name"
16-->src/main/AndroidManifest.xml:8:9-41
17        android:roundIcon="@mipmap/ic_launcher_round"
17-->src/main/AndroidManifest.xml:9:9-54
18        android:supportsRtl="true"
18-->src/main/AndroidManifest.xml:10:9-35
19        android:testOnly="true"
20        android:theme="@style/AppTheme" >
20-->src/main/AndroidManifest.xml:11:9-40
21        <activity android:name="com.example.android.musicalstructureapp.MainActivity" >
21-->src/main/AndroidManifest.xml:12:9-18:20
21-->src/main/AndroidManifest.xml:12:19-47
22            <intent-filter>
22-->src/main/AndroidManifest.xml:13:13-17:29
23                <action android:name="android.intent.action.MAIN" />
23-->src/main/AndroidManifest.xml:14:17-69
23-->src/main/AndroidManifest.xml:14:25-66
24
25                <category android:name="android.intent.category.LAUNCHER" />
25-->src/main/AndroidManifest.xml:16:17-77
25-->src/main/AndroidManifest.xml:16:27-74
26            </intent-filter>
27        </activity>
28        <activity
28-->src/main/AndroidManifest.xml:19:9-23:58
29            android:name="com.example.android.musicalstructureapp.SongsActivity"
29-->src/main/AndroidManifest.xml:20:13-42
30            android:label="@string/category_songs"
30-->src/main/AndroidManifest.xml:21:13-51
31            android:launchMode="singleTop"
31-->src/main/AndroidManifest.xml:22:13-43
32            android:parentActivityName="com.example.android.musicalstructureapp.MainActivity" />
32-->src/main/AndroidManifest.xml:23:13-55
33        <activity
33-->src/main/AndroidManifest.xml:24:9-28:58
34            android:name="com.example.android.musicalstructureapp.AlbumActivity"
34-->src/main/AndroidManifest.xml:25:13-42
35            android:label="@string/category_albums"
35-->src/main/AndroidManifest.xml:26:13-52
36            android:launchMode="singleTop"
36-->src/main/AndroidManifest.xml:27:13-43
37            android:parentActivityName="com.example.android.musicalstructureapp.MainActivity" />
37-->src/main/AndroidManifest.xml:28:13-55
38        <activity
38-->src/main/AndroidManifest.xml:29:9-33:60
39            android:name="com.example.android.musicalstructureapp.AlbumByArtistActivity"
39-->src/main/AndroidManifest.xml:30:13-50
40            android:label="@string/category_albums"
40-->src/main/AndroidManifest.xml:31:13-52
41            android:launchMode="singleTop"
41-->src/main/AndroidManifest.xml:32:13-43
42            android:parentActivityName="com.example.android.musicalstructureapp.ArtistActivity" />
42-->src/main/AndroidManifest.xml:33:13-57
43        <activity
43-->src/main/AndroidManifest.xml:34:9-38:58
44            android:name="com.example.android.musicalstructureapp.ArtistActivity"
44-->src/main/AndroidManifest.xml:35:13-43
45            android:label="@string/category_artists"
45-->src/main/AndroidManifest.xml:36:13-53
46            android:launchMode="singleTop"
46-->src/main/AndroidManifest.xml:37:13-43
47            android:parentActivityName="com.example.android.musicalstructureapp.MainActivity" />
47-->src/main/AndroidManifest.xml:38:13-55
48        <activity
48-->src/main/AndroidManifest.xml:39:9-43:59
49            android:name="com.example.android.musicalstructureapp.NowPlayingActivity"
49-->src/main/AndroidManifest.xml:40:13-47
50            android:label="@string/category_now_playing"
50-->src/main/AndroidManifest.xml:41:13-57
51            android:launchMode="singleTop"
51-->src/main/AndroidManifest.xml:42:13-43
52            android:parentActivityName="com.example.android.musicalstructureapp.AlbumActivity" />
52-->src/main/AndroidManifest.xml:43:13-56
53        <activity android:name="com.example.android.musicalstructureapp.MusicLibrary" />
53-->src/main/AndroidManifest.xml:44:9-50
53-->src/main/AndroidManifest.xml:44:19-47
54        <activity android:name="com.example.android.musicalstructureapp.Album" />
54-->src/main/AndroidManifest.xml:45:9-43
54-->src/main/AndroidManifest.xml:45:19-40
55        <activity android:name="com.example.android.musicalstructureapp.AlbumAdapter" />
55-->src/main/AndroidManifest.xml:46:9-50
55-->src/main/AndroidManifest.xml:46:19-47
56        <activity android:name="com.example.android.musicalstructureapp.ArtistAdapter" />
56-->src/main/AndroidManifest.xml:47:9-51
56-->src/main/AndroidManifest.xml:47:19-48
57        <activity android:name="com.example.android.musicalstructureapp.Artist" />
57-->src/main/AndroidManifest.xml:48:9-44
57-->src/main/AndroidManifest.xml:48:19-41
58        <activity android:name="com.example.android.musicalstructureapp.Song" />
58-->src/main/AndroidManifest.xml:49:9-42
58-->src/main/AndroidManifest.xml:49:19-39
59        <activity android:name="com.example.android.musicalstructureapp.SongsAdapter" />
59-->src/main/AndroidManifest.xml:50:9-50
59-->src/main/AndroidManifest.xml:50:19-47
60    </application>
61
62</manifest>